<![LOG[DiscoveryProvider:Discovery Function none(): The interoperation method 'OpenProcessToken' returned Win32 error '0x000003F0(1008)' message ''. ]LOG]!><time="11:47:34.510+-60" date="12-08-2016" component="Discovery" context="" type="2" thread="5" file="">
<![LOG[DiscoveryProvider:Discovery Function none(): The interoperation method 'AdjustThreadPrivilege' returned Win32 error '0x000003F0(1008)' message ''. ]LOG]!><time="11:47:34.510+-60" date="12-08-2016" component="Discovery" context="" type="2" thread="5" file="">
<![LOG[DiscoveryProvider:Discovery Function none(): The interoperation method 'OpenProcessToken' returned Win32 error '0x000003F0(1008)' message ''. ]LOG]!><time="11:47:34.510+-60" date="12-08-2016" component="Discovery" context="" type="2" thread="5" file="">
<![LOG[DiscoveryProvider:Discovery Function none(): The interoperation method 'AdjustThreadPrivilege' returned Win32 error '0x000003F0(1008)' message ''. ]LOG]!><time="11:47:34.510+-60" date="12-08-2016" component="Discovery" context="" type="2" thread="5" file="">
<![LOG[DiscoveryProvider:Discovery Function none(): The interoperation method 'OpenProcessToken' returned Win32 error '0x000003F0(1008)' message ''. ]LOG]!><time="11:47:38.82+-60" date="12-08-2016" component="Discovery" context="" type="2" thread="5" file="">
<![LOG[DiscoveryProvider:Discovery Function none(): The interoperation method 'AdjustThreadPrivilege' returned Win32 error '0x000003F0(1008)' message ''. ]LOG]!><time="11:47:38.82+-60" date="12-08-2016" component="Discovery" context="" type="2" thread="5" file="">
<![LOG[DiscoveryProvider:Discovery Function none(): The interoperation method 'OpenProcessToken' returned Win32 error '0x000003F0(1008)' message ''. ]LOG]!><time="11:47:38.82+-60" date="12-08-2016" component="Discovery" context="" type="2" thread="5" file="">
<![LOG[DiscoveryProvider:Discovery Function none(): The interoperation method 'AdjustThreadPrivilege' returned Win32 error '0x000003F0(1008)' message ''. ]LOG]!><time="11:47:38.82+-60" date="12-08-2016" component="Discovery" context="" type="2" thread="5" file="">
<![LOG[DiscoveryProvider:Discovery Function query('SELECT * FROM Win32_OperatingSystem WHERE Version like '6.1%' AND OSType=18 AND ProductType=1'): Object count final: 1. ]LOG]!><time="11:47:42.683+-60" date="12-08-2016" component="Discovery" context="" type="1" thread="5" file="">
<![LOG[DiscoveryProvider:Discovery Function query('SELECT * FROM Win32_OperatingSystem WHERE OSArchitecture like '64%''): Object count final: 1. ]LOG]!><time="11:47:42.746+-60" date="12-08-2016" component="Discovery" context="" type="1" thread="5" file="">
<![LOG[DiscoveryProvider:Discovery Function query('SELECT * FROM Win32_OperatingSystem WHERE Version like '6.2%' AND OSType=18 AND ProductType=1'): Object count final: 0. ]LOG]!><time="11:47:42.792+-60" date="12-08-2016" component="Discovery" context="" type="1" thread="5" file="">
<![LOG[DiscoveryProvider:Discovery Function query('SELECT * FROM Win32_OperatingSystem WHERE Version like '6.3%' AND OSType=18 AND ProductType=1'): Object count final: 0. ]LOG]!><time="11:47:42.886+-60" date="12-08-2016" component="Discovery" context="" type="1" thread="5" file="">
<![LOG[DiscoveryProvider:Discovery Function query('SELECT * FROM Win32_OperatingSystem'): Object count final: 1. ]LOG]!><time="11:47:42.995+-60" date="12-08-2016" component="Discovery" context="" type="1" thread="5" file="">
<![LOG[ScriptProvider:Script process ID '3172' terminated with exit code '0', generating 1 output data events and 0 error data events. ]LOG]!><time="11:48:08.935+-60" date="12-08-2016" component="Discovery" context="" type="1" thread="5" file="">
<![LOG[DiscoveryProvider:Discovery Function execute(''*************************************************************************************************************
'Version 1.2 NDG
'Auteur : S.ANDRINO
'Date : 11/05/2015
'
'Historique :
'	Version 1.0 : Remont? des tailles disques SEP et SCCM sur le Tul.
'	Ver','vbs',''): Object count final: 1. ]LOG]!><time="11:48:08.950+-60" date="12-08-2016" component="Discovery" context="" type="1" thread="5" file="">
<![LOG[DiscoveryProvider:Discovery Function query('SELECT * FROM Win32_OperatingSystem WHERE Version like '6.1%' AND OSType=18 AND ProductType=1'): Object count final: 1. ]LOG]!><time="11:48:10.323+-60" date="12-08-2016" component="Discovery" context="" type="1" thread="5" file="">
<![LOG[DiscoveryProvider:Discovery Function query('SELECT * FROM Win32_OperatingSystem WHERE OSArchitecture like '64%''): Object count final: 1. ]LOG]!><time="11:48:10.354+-60" date="12-08-2016" component="Discovery" context="" type="1" thread="5" file="">
<![LOG[DiscoveryProvider:Discovery Function query('SELECT * FROM Win32_OperatingSystem WHERE Version like '6.1%' AND BuildNumber = '7600' AND OSType=18 AND ProductType=1'): Object count final: 0. ]LOG]!><time="11:48:10.417+-60" date="12-08-2016" component="Discovery" context="" type="1" thread="5" file="">
<![LOG[DiscoveryProvider:Discovery Function query('SELECT * FROM Win32_OperatingSystem WHERE Version like '6.3%' AND OSType=18 AND ProductType=1'): Object count final: 0. ]LOG]!><time="11:48:10.432+-60" date="12-08-2016" component="Discovery" context="" type="1" thread="5" file="">
<![LOG[DiscoveryProvider:Discovery Function query('SELECT * FROM Win32_OperatingSystem WHERE Version like '6.3%' AND BuildNumber = '9600' AND OSType=18 AND ProductType=1'): Object count final: 0. ]LOG]!><time="11:48:10.510+-60" date="12-08-2016" component="Discovery" context="" type="1" thread="5" file="">
<![LOG[DiscoveryProvider:Discovery Function query('SELECT * FROM Win32_OperatingSystem'): Object count final: 1. ]LOG]!><time="11:48:10.557+-60" date="12-08-2016" component="Discovery" context="" type="1" thread="5" file="">
<![LOG[DiscoveryProvider:Discovery Function expand('C:\Windows\SysWOW64\CCM\'): Object count final: 1. ]LOG]!><time="11:48:10.651+-60" date="12-08-2016" component="Discovery" context="" type="1" thread="5" file="">
<![LOG[DiscoveryProvider:Discovery Function alternateWowUapFileNames('C:\Windows\SysWOW64\CCM\','','Native','FileUserAccountLimited'): Object count final: 0. ]LOG]!><time="11:48:10.697+-60" date="12-08-2016" component="Discovery" context="" type="1" thread="5" file="">
<![LOG[DiscoveryProvider:Discovery Function alternateWowFileName('C:\Windows\SysWOW64\CCM\','FileWow6432File'): Object count final: 1. ]LOG]!><time="11:48:10.697+-60" date="12-08-2016" component="Discovery" context="" type="1" thread="5" file="">
<![LOG[DiscoveryProvider:Discovery Function alternateWowUapFileNames('C:\Windows\SysWOW64\CCM\','','FileWow6432File','FileUserAccountLimited'): Object count final: 0. ]LOG]!><time="11:48:10.697+-60" date="12-08-2016" component="Discovery" context="" type="1" thread="5" file="">
<![LOG[DiscoveryProvider:Discovery Function none(): The interoperation method 'OpenProcessToken' returned Win32 error '0x000003F0(1008)' message ''. ]LOG]!><time="11:48:10.713+-60" date="12-08-2016" component="Discovery" context="" type="2" thread="5" file="">
<![LOG[DiscoveryProvider:Discovery Function none(): The interoperation method 'OpenProcessToken' returned Win32 error '0x000003F0(1008)' message ''. ]LOG]!><time="11:48:10.713+-60" date="12-08-2016" component="Discovery" context="" type="2" thread="5" file="">
<![LOG[DiscoveryProvider:Discovery Function directoryExists('C:\Windows\SysWOW64\CCM\'): Object count final: 1. ]LOG]!><time="11:48:10.713+-60" date="12-08-2016" component="Discovery" context="" type="1" thread="5" file="">
<![LOG[DiscoveryProvider:Discovery Function none(): The interoperation method 'OpenProcessToken' returned Win32 error '0x000003F0(1008)' message ''. ]LOG]!><time="11:48:10.729+-60" date="12-08-2016" component="Discovery" context="" type="2" thread="5" file="">
<![LOG[DiscoveryProvider:Discovery Function none(): The interoperation method 'OpenProcessToken' returned Win32 error '0x000003F0(1008)' message ''. ]LOG]!><time="11:48:10.729+-60" date="12-08-2016" component="Discovery" context="" type="2" thread="5" file="">
<![LOG[DiscoveryProvider:Discovery Function directories('C:\Windows\SysWOW64\CCM\','Cache',''): Object count final: 1. ]LOG]!><time="11:48:10.729+-60" date="12-08-2016" component="Discovery" context="" type="1" thread="5" file="">
<![LOG[DiscoveryProvider:Discovery Function none(): The interoperation method 'OpenProcessToken' returned Win32 error '0x000003F0(1008)' message ''. ]LOG]!><time="11:48:10.885+-60" date="12-08-2016" component="Discovery" context="" type="2" thread="5" file="">
<![LOG[DiscoveryProvider:Discovery Function none(): The interoperation method 'OpenProcessToken' returned Win32 error '0x000003F0(1008)' message ''. ]LOG]!><time="11:48:10.885+-60" date="12-08-2016" component="Discovery" context="" type="2" thread="5" file="">
<![LOG[DiscoveryProvider:Discovery Function time('C:\Windows\SysWOW64\CCM\Cache','c'): Object count final: 1. ]LOG]!><time="11:48:10.885+-60" date="12-08-2016" component="Discovery" context="" type="1" thread="5" file="">
<![LOG[DiscoveryProvider:Discovery Function none(): The interoperation method 'OpenProcessToken' returned Win32 error '0x000003F0(1008)' message ''. ]LOG]!><time="11:48:10.885+-60" date="12-08-2016" component="Discovery" context="" type="2" thread="5" file="">
<![LOG[DiscoveryProvider:Discovery Function none(): The interoperation method 'OpenProcessToken' returned Win32 error '0x000003F0(1008)' message ''. ]LOG]!><time="11:48:10.885+-60" date="12-08-2016" component="Discovery" context="" type="2" thread="5" file="">
<![LOG[DiscoveryProvider:Discovery Function time('C:\Windows\SysWOW64\CCM\Cache','w'): Object count final: 1. ]LOG]!><time="11:48:10.885+-60" date="12-08-2016" component="Discovery" context="" type="1" thread="5" file="">
<![LOG[DiscoveryProvider:Discovery Function none(): The interoperation method 'OpenProcessToken' returned Win32 error '0x000003F0(1008)' message ''. ]LOG]!><time="11:48:10.885+-60" date="12-08-2016" component="Discovery" context="" type="2" thread="5" file="">
<![LOG[DiscoveryProvider:Discovery Function none(): The interoperation method 'OpenProcessToken' returned Win32 error '0x000003F0(1008)' message ''. ]LOG]!><time="11:48:10.900+-60" date="12-08-2016" component="Discovery" context="" type="2" thread="5" file="">
<![LOG[DiscoveryProvider:Discovery Function fileAttributes('C:\Windows\SysWOW64\CCM\Cache'): Object count final: 1. ]LOG]!><time="11:48:10.900+-60" date="12-08-2016" component="Discovery" context="" type="1" thread="5" file="">
<![LOG[ScriptProvider:Script process ID '3932' terminated with exit code '0', generating 1 output data events and 0 error data events. ]LOG]!><time="11:48:43.672+-60" date="12-08-2016" component="Discovery" context="" type="1" thread="5" file="">
<![LOG[DiscoveryProvider:Discovery Function execute('$files = @(Get-ChildItem "C:\Windows\SysWOW64\CCM\Cache" -recurse)
if ($files.count -ge 1){
	[int]$SCCMcachesize = "{0:0}" -f (($files|Measure-Object -property length -sum).sum / 1MB)
}else{
	$SCCMcachesize = 0
}
if ($SCCMcachesize -gt 8000){
	write-host "','ps1',''): Object count final: 1. ]LOG]!><time="11:48:43.672+-60" date="12-08-2016" component="Discovery" context="" type="1" thread="5" file="">
<![LOG[DiscoveryProvider:Discovery Function query('SELECT * FROM Win32_OperatingSystem WHERE Version like '6.1%' AND OSType=18 AND ProductType=1'): Object count final: 1. ]LOG]!><time="09:32:55.541+-60" date="12-14-2016" component="Discovery" context="" type="1" thread="5" file="">
<![LOG[DiscoveryProvider:Discovery Function query('SELECT * FROM Win32_OperatingSystem WHERE OSArchitecture like '64%''): Object count final: 1. ]LOG]!><time="09:32:55.588+-60" date="12-14-2016" component="Discovery" context="" type="1" thread="5" file="">
<![LOG[DiscoveryProvider:Discovery Function query('SELECT * FROM Win32_OperatingSystem WHERE Version like '6.2%' AND OSType=18 AND ProductType=1'): Object count final: 0. ]LOG]!><time="09:32:55.619+-60" date="12-14-2016" component="Discovery" context="" type="1" thread="5" file="">
<![LOG[DiscoveryProvider:Discovery Function query('SELECT * FROM Win32_OperatingSystem WHERE Version like '6.3%' AND OSType=18 AND ProductType=1'): Object count final: 0. ]LOG]!><time="09:32:55.744+-60" date="12-14-2016" component="Discovery" context="" type="1" thread="5" file="">
<![LOG[DiscoveryProvider:Discovery Function query('SELECT * FROM Win32_OperatingSystem'): Object count final: 1. ]LOG]!><time="09:32:55.838+-60" date="12-14-2016" component="Discovery" context="" type="1" thread="5" file="">
<![LOG[DiscoveryProvider:Discovery Function expand('HKEY_LOCAL_MACHINE\SOFTWARE\Policies\Microsoft\Windows\CurrentVersion\Internet Settings\ZoneMapKey'): Object count final: 1. ]LOG]!><time="09:32:55.947+-60" date="12-14-2016" component="Discovery" context="" type="1" thread="5" file="">
<![LOG[DiscoveryProvider:Discovery Function none(): The interoperation method 'OpenProcessToken' returned Win32 error '0x000003F0(1008)' message ''. ]LOG]!><time="09:32:56.138+-60" date="12-14-2016" component="Discovery" context="" type="2" thread="5" file="">
<![LOG[DiscoveryProvider:Discovery Function none(): The interoperation method 'AdjustThreadPrivilege' returned Win32 error '0x000003F0(1008)' message ''. ]LOG]!><time="09:32:56.138+-60" date="12-14-2016" component="Discovery" context="" type="2" thread="5" file="">
<![LOG[DiscoveryProvider:Discovery Function none(): The interoperation method 'OpenProcessToken' returned Win32 error '0x000003F0(1008)' message ''. ]LOG]!><time="09:32:56.138+-60" date="12-14-2016" component="Discovery" context="" type="2" thread="5" file="">
<![LOG[DiscoveryProvider:Discovery Function none(): The interoperation method 'AdjustThreadPrivilege' returned Win32 error '0x000003F0(1008)' message ''. ]LOG]!><time="09:32:56.138+-60" date="12-14-2016" component="Discovery" context="" type="2" thread="5" file="">
<![LOG[DiscoveryProvider:Discovery Function none(): The interoperation method 'OpenProcessToken' returned Win32 error '0x000003F0(1008)' message ''. ]LOG]!><time="09:32:59.211+-60" date="12-14-2016" component="Discovery" context="" type="2" thread="5" file="">
<![LOG[DiscoveryProvider:Discovery Function none(): The interoperation method 'AdjustThreadPrivilege' returned Win32 error '0x000003F0(1008)' message ''. ]LOG]!><time="09:32:59.211+-60" date="12-14-2016" component="Discovery" context="" type="2" thread="5" file="">
<![LOG[DiscoveryProvider:Discovery Function none(): The interoperation method 'OpenProcessToken' returned Win32 error '0x000003F0(1008)' message ''. ]LOG]!><time="09:32:59.211+-60" date="12-14-2016" component="Discovery" context="" type="2" thread="5" file="">
<![LOG[DiscoveryProvider:Discovery Function none(): The interoperation method 'AdjustThreadPrivilege' returned Win32 error '0x000003F0(1008)' message ''. ]LOG]!><time="09:32:59.211+-60" date="12-14-2016" component="Discovery" context="" type="2" thread="5" file="">
<![LOG[DiscoveryProvider:Discovery Function none(): The interoperation method 'OpenProcessToken' returned Win32 error '0x000003F0(1008)' message ''. ]LOG]!><time="09:32:59.211+-60" date="12-14-2016" component="Discovery" context="" type="2" thread="5" file="">
<![LOG[DiscoveryProvider:Discovery Function none(): The interoperation method 'AdjustThreadPrivilege' returned Win32 error '0x000003F0(1008)' message ''. ]LOG]!><time="09:32:59.211+-60" date="12-14-2016" component="Discovery" context="" type="2" thread="5" file="">
<![LOG[DiscoveryProvider:Discovery Function none(): The interoperation method 'OpenProcessToken' returned Win32 error '0x000003F0(1008)' message ''. ]LOG]!><time="09:32:59.211+-60" date="12-14-2016" component="Discovery" context="" type="2" thread="5" file="">
<![LOG[DiscoveryProvider:Discovery Function none(): The interoperation method 'AdjustThreadPrivilege' returned Win32 error '0x000003F0(1008)' message ''. ]LOG]!><time="09:32:59.211+-60" date="12-14-2016" component="Discovery" context="" type="2" thread="5" file="">
<![LOG[DiscoveryProvider:Discovery Function none(): The interoperation method 'OpenProcessToken' returned Win32 error '0x000003F0(1008)' message ''. ]LOG]!><time="09:32:59.358+-60" date="12-14-2016" component="Discovery" context="" type="2" thread="5" file="">
<![LOG[DiscoveryProvider:Discovery Function none(): The interoperation method 'AdjustThreadPrivilege' returned Win32 error '0x000003F0(1008)' message ''. ]LOG]!><time="09:32:59.359+-60" date="12-14-2016" component="Discovery" context="" type="2" thread="5" file="">
<![LOG[DiscoveryProvider:Discovery Function none(): The interoperation method 'OpenProcessToken' returned Win32 error '0x000003F0(1008)' message ''. ]LOG]!><time="09:32:59.359+-60" date="12-14-2016" component="Discovery" context="" type="2" thread="5" file="">
<![LOG[DiscoveryProvider:Discovery Function none(): The interoperation method 'AdjustThreadPrivilege' returned Win32 error '0x000003F0(1008)' message ''. ]LOG]!><time="09:32:59.359+-60" date="12-14-2016" component="Discovery" context="" type="2" thread="5" file="">
<![LOG[DiscoveryProvider:Discovery Function none(): The interoperation method 'OpenProcessToken' returned Win32 error '0x000003F0(1008)' message ''. ]LOG]!><time="09:32:59.484+-60" date="12-14-2016" component="Discovery" context="" type="2" thread="5" file="">
<![LOG[DiscoveryProvider:Discovery Function none(): The interoperation method 'AdjustThreadPrivilege' returned Win32 error '0x000003F0(1008)' message ''. ]LOG]!><time="09:32:59.485+-60" date="12-14-2016" component="Discovery" context="" type="2" thread="5" file="">
<![LOG[DiscoveryProvider:Discovery Function none(): The interoperation method 'OpenProcessToken' returned Win32 error '0x000003F0(1008)' message ''. ]LOG]!><time="09:32:59.486+-60" date="12-14-2016" component="Discovery" context="" type="2" thread="5" file="">
<![LOG[DiscoveryProvider:Discovery Function none(): The interoperation method 'AdjustThreadPrivilege' returned Win32 error '0x000003F0(1008)' message ''. ]LOG]!><time="09:32:59.486+-60" date="12-14-2016" component="Discovery" context="" type="2" thread="5" file="">
<![LOG[DiscoveryProvider:Discovery Function none(): The interoperation method 'OpenProcessToken' returned Win32 error '0x000003F0(1008)' message ''. ]LOG]!><time="09:32:59.942+-60" date="12-14-2016" component="Discovery" context="" type="2" thread="5" file="">
<![LOG[DiscoveryProvider:Discovery Function none(): The interoperation method 'AdjustThreadPrivilege' returned Win32 error '0x000003F0(1008)' message ''. ]LOG]!><time="09:32:59.942+-60" date="12-14-2016" component="Discovery" context="" type="2" thread="5" file="">
<![LOG[DiscoveryProvider:Discovery Function none(): The interoperation method 'OpenProcessToken' returned Win32 error '0x000003F0(1008)' message ''. ]LOG]!><time="09:32:59.942+-60" date="12-14-2016" component="Discovery" context="" type="2" thread="5" file="">
<![LOG[DiscoveryProvider:Discovery Function none(): The interoperation method 'AdjustThreadPrivilege' returned Win32 error '0x000003F0(1008)' message ''. ]LOG]!><time="09:32:59.942+-60" date="12-14-2016" component="Discovery" context="" type="2" thread="5" file="">
<![LOG[DiscoveryProvider:Discovery Function none(): The interoperation method 'OpenProcessToken' returned Win32 error '0x000003F0(1008)' message ''. ]LOG]!><time="09:32:59.942+-60" date="12-14-2016" component="Discovery" context="" type="2" thread="5" file="">
<![LOG[DiscoveryProvider:Discovery Function none(): The interoperation method 'AdjustThreadPrivilege' returned Win32 error '0x000003F0(1008)' message ''. ]LOG]!><time="09:32:59.942+-60" date="12-14-2016" component="Discovery" context="" type="2" thread="5" file="">
<![LOG[DiscoveryProvider:Discovery Function none(): The interoperation method 'OpenProcessToken' returned Win32 error '0x000003F0(1008)' message ''. ]LOG]!><time="09:32:59.942+-60" date="12-14-2016" component="Discovery" context="" type="2" thread="5" file="">
<![LOG[DiscoveryProvider:Discovery Function none(): The interoperation method 'AdjustThreadPrivilege' returned Win32 error '0x000003F0(1008)' message ''. ]LOG]!><time="09:32:59.942+-60" date="12-14-2016" component="Discovery" context="" type="2" thread="5" file="">
<![LOG[DiscoveryProvider:Discovery Function none(): The interoperation method 'OpenProcessToken' returned Win32 error '0x000003F0(1008)' message ''. ]LOG]!><time="09:33:00.240+-60" date="12-14-2016" component="Discovery" context="" type="2" thread="5" file="">
<![LOG[DiscoveryProvider:Discovery Function none(): The interoperation method 'AdjustThreadPrivilege' returned Win32 error '0x000003F0(1008)' message ''. ]LOG]!><time="09:33:00.240+-60" date="12-14-2016" component="Discovery" context="" type="2" thread="5" file="">
<![LOG[DiscoveryProvider:Discovery Function none(): The interoperation method 'OpenProcessToken' returned Win32 error '0x000003F0(1008)' message ''. ]LOG]!><time="09:33:00.240+-60" date="12-14-2016" component="Discovery" context="" type="2" thread="5" file="">
<![LOG[DiscoveryProvider:Discovery Function none(): The interoperation method 'AdjustThreadPrivilege' returned Win32 error '0x000003F0(1008)' message ''. ]LOG]!><time="09:33:00.240+-60" date="12-14-2016" component="Discovery" context="" type="2" thread="5" file="">
<![LOG[DiscoveryProvider:Discovery Function alternateWowUapKeyNames('HKEY_LOCAL_MACHINE\SOFTWARE\Policies\Microsoft\Windows\CurrentVersion\Internet Settings\ZoneMapKey','','Native','KeyUserAccountLimited'): Object count final: 0. ]LOG]!><time="09:33:00.255+-60" date="12-14-2016" component="Discovery" context="" type="1" thread="5" file="">
<![LOG[DiscoveryProvider:Discovery Function alternateWowKeyName('HKEY_LOCAL_MACHINE\SOFTWARE\Policies\Microsoft\Windows\CurrentVersion\Internet Settings\ZoneMapKey','KeyWow6432Key'): Object count final: 1. ]LOG]!><time="09:33:00.255+-60" date="12-14-2016" component="Discovery" context="" type="1" thread="5" file="">
<![LOG[DiscoveryProvider:Discovery Function alternateWowUapKeyNames('HKEY_LOCAL_MACHINE\SOFTWARE\Policies\Microsoft\Windows\CurrentVersion\Internet Settings\ZoneMapKey','','KeyWow6432Key','KeyUserAccountLimited'): Object count final: 0. ]LOG]!><time="09:33:00.255+-60" date="12-14-2016" component="Discovery" context="" type="1" thread="5" file="">
<![LOG[DiscoveryProvider:Discovery Function keyValueAsXml('HKEY_LOCAL_MACHINE\SOFTWARE\Policies\Microsoft\Windows\CurrentVersion\Internet Settings\ZoneMapKey',''): Object count final: 1. ]LOG]!><time="09:33:00.287+-60" date="12-14-2016" component="Discovery" context="" type="1" thread="5" file="">
<![LOG[DiscoveryProvider:Discovery Function keyValueAsXml('HKEY_LOCAL_MACHINE\SOFTWARE\Wow6432Node\Policies\Microsoft\Windows\CurrentVersion\Internet Settings\ZoneMapKey',''): Object count final: 1. ]LOG]!><time="09:33:00.333+-60" date="12-14-2016" component="Discovery" context="" type="1" thread="5" file="">
<![LOG[DiscoveryProvider:Discovery Function keyValueAsXml('HKEY_LOCAL_MACHINE\SOFTWARE\Policies\Microsoft\Windows\CurrentVersion\Internet Settings\ZoneMapKey','https://sso.sgmarkets.com'): Object count final: 1. ]LOG]!><time="09:33:00.396+-60" date="12-14-2016" component="Discovery" context="" type="1" thread="5" file="">
<![LOG[DiscoveryProvider:Discovery Function keyValueAsXml('HKEY_LOCAL_MACHINE\SOFTWARE\Wow6432Node\Policies\Microsoft\Windows\CurrentVersion\Internet Settings\ZoneMapKey','https://sso.sgmarkets.com'): Object count final: 1. ]LOG]!><time="09:33:00.396+-60" date="12-14-2016" component="Discovery" context="" type="1" thread="5" file="">
<![LOG[DiscoveryProvider:Discovery Function none(): The interoperation method 'OpenProcessToken' returned Win32 error '0x000003F0(1008)' message ''. ]LOG]!><time="09:33:00.427+-60" date="12-14-2016" component="Discovery" context="" type="2" thread="5" file="">
<![LOG[DiscoveryProvider:Discovery Function none(): The interoperation method 'AdjustThreadPrivilege' returned Win32 error '0x000003F0(1008)' message ''. ]LOG]!><time="09:33:00.427+-60" date="12-14-2016" component="Discovery" context="" type="2" thread="5" file="">
<![LOG[DiscoveryProvider:Discovery Function none(): The interoperation method 'OpenProcessToken' returned Win32 error '0x000003F0(1008)' message ''. ]LOG]!><time="09:33:00.427+-60" date="12-14-2016" component="Discovery" context="" type="2" thread="5" file="">
<![LOG[DiscoveryProvider:Discovery Function none(): The interoperation method 'AdjustThreadPrivilege' returned Win32 error '0x000003F0(1008)' message ''. ]LOG]!><time="09:33:00.427+-60" date="12-14-2016" component="Discovery" context="" type="2" thread="5" file="">
<![LOG[DiscoveryProvider:Discovery Function none(): The interoperation method 'OpenProcessToken' returned Win32 error '0x000003F0(1008)' message ''. ]LOG]!><time="09:33:02.329+-60" date="12-14-2016" component="Discovery" context="" type="2" thread="5" file="">
<![LOG[DiscoveryProvider:Discovery Function none(): The interoperation method 'AdjustThreadPrivilege' returned Win32 error '0x000003F0(1008)' message ''. ]LOG]!><time="09:33:02.329+-60" date="12-14-2016" component="Discovery" context="" type="2" thread="5" file="">
<![LOG[DiscoveryProvider:Discovery Function none(): The interoperation method 'OpenProcessToken' returned Win32 error '0x000003F0(1008)' message ''. ]LOG]!><time="09:33:02.329+-60" date="12-14-2016" component="Discovery" context="" type="2" thread="5" file="">
<![LOG[DiscoveryProvider:Discovery Function none(): The interoperation method 'AdjustThreadPrivilege' returned Win32 error '0x000003F0(1008)' message ''. ]LOG]!><time="09:33:02.329+-60" date="12-14-2016" component="Discovery" context="" type="2" thread="5" file="">
<![LOG[DiscoveryProvider:Discovery Function none(): The interoperation method 'OpenProcessToken' returned Win32 error '0x000003F0(1008)' message ''. ]LOG]!><time="09:33:02.329+-60" date="12-14-2016" component="Discovery" context="" type="2" thread="5" file="">
<![LOG[DiscoveryProvider:Discovery Function none(): The interoperation method 'AdjustThreadPrivilege' returned Win32 error '0x000003F0(1008)' message ''. ]LOG]!><time="09:33:02.329+-60" date="12-14-2016" component="Discovery" context="" type="2" thread="5" file="">
<![LOG[DiscoveryProvider:Discovery Function none(): The interoperation method 'OpenProcessToken' returned Win32 error '0x000003F0(1008)' message ''. ]LOG]!><time="09:33:02.329+-60" date="12-14-2016" component="Discovery" context="" type="2" thread="5" file="">
<![LOG[DiscoveryProvider:Discovery Function none(): The interoperation method 'AdjustThreadPrivilege' returned Win32 error '0x000003F0(1008)' message ''. ]LOG]!><time="09:33:02.329+-60" date="12-14-2016" component="Discovery" context="" type="2" thread="5" file="">
<![LOG[DiscoveryProvider:Discovery Function none(): The interoperation method 'OpenProcessToken' returned Win32 error '0x000003F0(1008)' message ''. ]LOG]!><time="09:33:05.453+-60" date="12-14-2016" component="Discovery" context="" type="2" thread="5" file="">
<![LOG[DiscoveryProvider:Discovery Function none(): The interoperation method 'AdjustThreadPrivilege' returned Win32 error '0x000003F0(1008)' message ''. ]LOG]!><time="09:33:05.453+-60" date="12-14-2016" component="Discovery" context="" type="2" thread="5" file="">
<![LOG[DiscoveryProvider:Discovery Function none(): The interoperation method 'OpenProcessToken' returned Win32 error '0x000003F0(1008)' message ''. ]LOG]!><time="09:33:05.453+-60" date="12-14-2016" component="Discovery" context="" type="2" thread="5" file="">
<![LOG[DiscoveryProvider:Discovery Function none(): The interoperation method 'AdjustThreadPrivilege' returned Win32 error '0x000003F0(1008)' message ''. ]LOG]!><time="09:33:05.453+-60" date="12-14-2016" component="Discovery" context="" type="2" thread="5" file="">
<![LOG[DiscoveryProvider:Discovery Function none(): The interoperation method 'OpenProcessToken' returned Win32 error '0x000003F0(1008)' message ''. ]LOG]!><time="09:33:05.453+-60" date="12-14-2016" component="Discovery" context="" type="2" thread="5" file="">
<![LOG[DiscoveryProvider:Discovery Function none(): The interoperation method 'AdjustThreadPrivilege' returned Win32 error '0x000003F0(1008)' message ''. ]LOG]!><time="09:33:05.453+-60" date="12-14-2016" component="Discovery" context="" type="2" thread="5" file="">
<![LOG[DiscoveryProvider:Discovery Function none(): The interoperation method 'OpenProcessToken' returned Win32 error '0x000003F0(1008)' message ''. ]LOG]!><time="09:33:05.453+-60" date="12-14-2016" component="Discovery" context="" type="2" thread="5" file="">
<![LOG[DiscoveryProvider:Discovery Function none(): The interoperation method 'AdjustThreadPrivilege' returned Win32 error '0x000003F0(1008)' message ''. ]LOG]!><time="09:33:05.453+-60" date="12-14-2016" component="Discovery" context="" type="2" thread="5" file="">
<![LOG[DiscoveryProvider:Discovery Function none(): The interoperation method 'OpenProcessToken' returned Win32 error '0x000003F0(1008)' message ''. ]LOG]!><time="09:33:07.457+-60" date="12-14-2016" component="Discovery" context="" type="2" thread="5" file="">
<![LOG[DiscoveryProvider:Discovery Function none(): The interoperation method 'AdjustThreadPrivilege' returned Win32 error '0x000003F0(1008)' message ''. ]LOG]!><time="09:33:07.457+-60" date="12-14-2016" component="Discovery" context="" type="2" thread="5" file="">
<![LOG[DiscoveryProvider:Discovery Function none(): The interoperation method 'OpenProcessToken' returned Win32 error '0x000003F0(1008)' message ''. ]LOG]!><time="09:33:07.457+-60" date="12-14-2016" component="Discovery" context="" type="2" thread="5" file="">
<![LOG[DiscoveryProvider:Discovery Function none(): The interoperation method 'AdjustThreadPrivilege' returned Win32 error '0x000003F0(1008)' message ''. ]LOG]!><time="09:33:07.457+-60" date="12-14-2016" component="Discovery" context="" type="2" thread="5" file="">
<![LOG[DiscoveryProvider:Discovery Function none(): The interoperation method 'OpenProcessToken' returned Win32 error '0x000003F0(1008)' message ''. ]LOG]!><time="09:33:07.457+-60" date="12-14-2016" component="Discovery" context="" type="2" thread="5" file="">
<![LOG[DiscoveryProvider:Discovery Function none(): The interoperation method 'AdjustThreadPrivilege' returned Win32 error '0x000003F0(1008)' message ''. ]LOG]!><time="09:33:07.457+-60" date="12-14-2016" component="Discovery" context="" type="2" thread="5" file="">
<![LOG[DiscoveryProvider:Discovery Function none(): The interoperation method 'OpenProcessToken' returned Win32 error '0x000003F0(1008)' message ''. ]LOG]!><time="09:33:07.457+-60" date="12-14-2016" component="Discovery" context="" type="2" thread="5" file="">
<![LOG[DiscoveryProvider:Discovery Function none(): The interoperation method 'AdjustThreadPrivilege' returned Win32 error '0x000003F0(1008)' message ''. ]LOG]!><time="09:33:07.457+-60" date="12-14-2016" component="Discovery" context="" type="2" thread="5" file="">
<![LOG[DiscoveryProvider:Discovery Function none(): The interoperation method 'OpenProcessToken' returned Win32 error '0x000003F0(1008)' message ''. ]LOG]!><time="09:33:09.228+-60" date="12-14-2016" component="Discovery" context="" type="2" thread="5" file="">
<![LOG[DiscoveryProvider:Discovery Function none(): The interoperation method 'AdjustThreadPrivilege' returned Win32 error '0x000003F0(1008)' message ''. ]LOG]!><time="09:33:09.228+-60" date="12-14-2016" component="Discovery" context="" type="2" thread="5" file="">
<![LOG[DiscoveryProvider:Discovery Function none(): The interoperation method 'OpenProcessToken' returned Win32 error '0x000003F0(1008)' message ''. ]LOG]!><time="09:33:09.228+-60" date="12-14-2016" component="Discovery" context="" type="2" thread="5" file="">
<![LOG[DiscoveryProvider:Discovery Function none(): The interoperation method 'AdjustThreadPrivilege' returned Win32 error '0x000003F0(1008)' message ''. ]LOG]!><time="09:33:09.228+-60" date="12-14-2016" component="Discovery" context="" type="2" thread="5" file="">
<![LOG[DiscoveryProvider:Discovery Function query('SELECT * FROM Win32_OperatingSystem'): Object count final: 1. ]LOG]!><time="09:33:10.402+-60" date="12-14-2016" component="Discovery" context="" type="1" thread="5" file="">
<![LOG[ScriptProvider:Script process ID '6252' terminated with exit code '0', generating 1 output data events and 0 error data events. ]LOG]!><time="09:33:23.256+-60" date="12-14-2016" component="Discovery" context="" type="1" thread="5" file="">
<![LOG[DiscoveryProvider:Discovery Function execute(''*************************************************************************************************************
'Version 1.1
'Auteur : S.ANDRINO
'Date : 30/06/2014
'
'Historique :
'	Version 1.0 : Implementation script.
'	Version 1.1 : Changement Dates et s?','vbs',''): Object count final: 1. ]LOG]!><time="09:33:23.272+-60" date="12-14-2016" component="Discovery" context="" type="1" thread="5" file="">
<![LOG[DiscoveryProvider:Discovery Function query('SELECT * FROM Win32_OperatingSystem WHERE BuildNumber = '2600' AND OSType=18 AND ServicePackMajorVersion >= 2'): Object count final: 0. ]LOG]!><time="09:33:25.94+-60" date="12-14-2016" component="Discovery" context="" type="1" thread="6" file="">
<![LOG[DiscoveryProvider:Discovery Function query('SELECT * FROM Win32_OperatingSystem WHERE BuildNumber = '2600' AND OSType=18 AND ServicePackMajorVersion >= 2'): Object count final: 0. ]LOG]!><time="09:33:28.124+-60" date="12-14-2016" component="Discovery" context="" type="1" thread="6" file="">
<![LOG[DiscoveryProvider:Discovery Function query('SELECT * FROM Win32_OperatingSystem WHERE BuildNumber = '2600' AND OSType=18 AND ServicePackMajorVersion >= 2'): Object count final: 0. ]LOG]!><time="09:33:30.365+-60" date="12-14-2016" component="Discovery" context="" type="1" thread="5" file="">
<![LOG[DiscoveryProvider:Discovery Function query('SELECT * FROM Win32_OperatingSystem WHERE Version like '6.1%' AND OSType=18 AND ProductType=1'): Object count final: 1. ]LOG]!><time="09:33:31.892+-60" date="12-14-2016" component="Discovery" context="" type="1" thread="5" file="">
<![LOG[DiscoveryProvider:Discovery Function query('SELECT * FROM Win32_OperatingSystem WHERE OSArchitecture like '64%''): Object count final: 1. ]LOG]!><time="09:33:31.921+-60" date="12-14-2016" component="Discovery" context="" type="1" thread="5" file="">
<![LOG[DiscoveryProvider:Discovery Function query('SELECT * FROM Win32_OperatingSystem WHERE Version like '6.2%' AND OSType=18 AND ProductType=1'): Object count final: 0. ]LOG]!><time="09:33:32.159+-60" date="12-14-2016" component="Discovery" context="" type="1" thread="5" file="">
<![LOG[DiscoveryProvider:Discovery Function query('SELECT * FROM Win32_OperatingSystem WHERE Version like '6.3%' AND OSType=18 AND ProductType=1'): Object count final: 0. ]LOG]!><time="09:33:32.190+-60" date="12-14-2016" component="Discovery" context="" type="1" thread="5" file="">
<![LOG[DiscoveryProvider:Discovery Function query('SELECT * FROM Win32_OperatingSystem'): Object count final: 1. ]LOG]!><time="09:33:32.385+-60" date="12-14-2016" component="Discovery" context="" type="1" thread="5" file="">
<![LOG[ScriptProvider:Script process ID '1212' terminated with exit code '0', generating 1 output data events and 0 error data events. ]LOG]!><time="09:33:54.972+-60" date="12-14-2016" component="Discovery" context="" type="1" thread="5" file="">
<![LOG[DiscoveryProvider:Discovery Function execute(''*************************************************************************************************************
'Version 1.2 NDG
'Auteur : S.ANDRINO
'Date : 11/05/2015
'
'Historique :
'	Version 1.0 : Remont? des tailles disques SEP et SCCM sur le Tul.
'	Ver','vbs',''): Object count final: 1. ]LOG]!><time="09:33:54.972+-60" date="12-14-2016" component="Discovery" context="" type="1" thread="5" file="">
<![LOG[DiscoveryProvider:Discovery Function query('SELECT * FROM Win32_OperatingSystem WHERE Version like '6.1%' AND OSType=18 AND ProductType=1'): Object count final: 1. ]LOG]!><time="09:35:15.95+-60" date="12-14-2016" component="Discovery" context="" type="1" thread="7" file="">
<![LOG[DiscoveryProvider:Discovery Function query('SELECT * FROM Win32_OperatingSystem WHERE OSArchitecture like '64%''): Object count final: 1. ]LOG]!><time="09:35:15.110+-60" date="12-14-2016" component="Discovery" context="" type="1" thread="7" file="">
<![LOG[DiscoveryProvider:Discovery Function query('SELECT * FROM Win32_OperatingSystem WHERE Version like '6.1%' AND BuildNumber = '7600' AND OSType=18 AND ProductType=1'): Object count final: 0. ]LOG]!><time="09:35:15.173+-60" date="12-14-2016" component="Discovery" context="" type="1" thread="7" file="">
<![LOG[DiscoveryProvider:Discovery Function query('SELECT * FROM Win32_OperatingSystem WHERE Version like '6.3%' AND OSType=18 AND ProductType=1'): Object count final: 0. ]LOG]!><time="09:35:15.188+-60" date="12-14-2016" component="Discovery" context="" type="1" thread="7" file="">
<![LOG[DiscoveryProvider:Discovery Function query('SELECT * FROM Win32_OperatingSystem WHERE Version like '6.3%' AND BuildNumber = '9600' AND OSType=18 AND ProductType=1'): Object count final: 0. ]LOG]!><time="09:35:15.204+-60" date="12-14-2016" component="Discovery" context="" type="1" thread="7" file="">
<![LOG[DiscoveryProvider:Discovery Function query('SELECT * FROM Win32_OperatingSystem'): Object count final: 1. ]LOG]!><time="09:35:15.235+-60" date="12-14-2016" component="Discovery" context="" type="1" thread="7" file="">
<![LOG[DiscoveryProvider:Discovery Function expand('C:\Windows\SysWOW64\CCM\'): Object count final: 1. ]LOG]!><time="09:35:15.360+-60" date="12-14-2016" component="Discovery" context="" type="1" thread="7" file="">
<![LOG[DiscoveryProvider:Discovery Function alternateWowUapFileNames('C:\Windows\SysWOW64\CCM\','','Native','FileUserAccountLimited'): Object count final: 0. ]LOG]!><time="09:35:15.516+-60" date="12-14-2016" component="Discovery" context="" type="1" thread="7" file="">
<![LOG[DiscoveryProvider:Discovery Function alternateWowFileName('C:\Windows\SysWOW64\CCM\','FileWow6432File'): Object count final: 1. ]LOG]!><time="09:35:15.531+-60" date="12-14-2016" component="Discovery" context="" type="1" thread="7" file="">
<![LOG[DiscoveryProvider:Discovery Function alternateWowUapFileNames('C:\Windows\SysWOW64\CCM\','','FileWow6432File','FileUserAccountLimited'): Object count final: 0. ]LOG]!><time="09:35:15.531+-60" date="12-14-2016" component="Discovery" context="" type="1" thread="7" file="">
<![LOG[DiscoveryProvider:Discovery Function none(): The interoperation method 'OpenProcessToken' returned Win32 error '0x000003F0(1008)' message ''. ]LOG]!><time="09:35:15.531+-60" date="12-14-2016" component="Discovery" context="" type="2" thread="7" file="">
<![LOG[DiscoveryProvider:Discovery Function none(): The interoperation method 'OpenProcessToken' returned Win32 error '0x000003F0(1008)' message ''. ]LOG]!><time="09:35:15.531+-60" date="12-14-2016" component="Discovery" context="" type="2" thread="7" file="">
<![LOG[DiscoveryProvider:Discovery Function directoryExists('C:\Windows\SysWOW64\CCM\'): Object count final: 1. ]LOG]!><time="09:35:15.531+-60" date="12-14-2016" component="Discovery" context="" type="1" thread="7" file="">
<![LOG[DiscoveryProvider:Discovery Function none(): The interoperation method 'OpenProcessToken' returned Win32 error '0x000003F0(1008)' message ''. ]LOG]!><time="09:35:15.563+-60" date="12-14-2016" component="Discovery" context="" type="2" thread="7" file="">
<![LOG[DiscoveryProvider:Discovery Function none(): The interoperation method 'OpenProcessToken' returned Win32 error '0x000003F0(1008)' message ''. ]LOG]!><time="09:35:15.563+-60" date="12-14-2016" component="Discovery" context="" type="2" thread="7" file="">
<![LOG[DiscoveryProvider:Discovery Function directories('C:\Windows\SysWOW64\CCM\','Cache',''): Object count final: 1. ]LOG]!><time="09:35:15.563+-60" date="12-14-2016" component="Discovery" context="" type="1" thread="7" file="">
<![LOG[DiscoveryProvider:Discovery Function none(): The interoperation method 'OpenProcessToken' returned Win32 error '0x000003F0(1008)' message ''. ]LOG]!><time="09:35:15.734+-60" date="12-14-2016" component="Discovery" context="" type="2" thread="7" file="">
<![LOG[DiscoveryProvider:Discovery Function none(): The interoperation method 'OpenProcessToken' returned Win32 error '0x000003F0(1008)' message ''. ]LOG]!><time="09:35:15.750+-60" date="12-14-2016" component="Discovery" context="" type="2" thread="7" file="">
<![LOG[DiscoveryProvider:Discovery Function time('C:\Windows\SysWOW64\CCM\Cache','c'): Object count final: 1. ]LOG]!><time="09:35:15.750+-60" date="12-14-2016" component="Discovery" context="" type="1" thread="7" file="">
<![LOG[DiscoveryProvider:Discovery Function none(): The interoperation method 'OpenProcessToken' returned Win32 error '0x000003F0(1008)' message ''. ]LOG]!><time="09:35:15.750+-60" date="12-14-2016" component="Discovery" context="" type="2" thread="7" file="">
<![LOG[DiscoveryProvider:Discovery Function none(): The interoperation method 'OpenProcessToken' returned Win32 error '0x000003F0(1008)' message ''. ]LOG]!><time="09:35:15.750+-60" date="12-14-2016" component="Discovery" context="" type="2" thread="7" file="">
<![LOG[DiscoveryProvider:Discovery Function time('C:\Windows\SysWOW64\CCM\Cache','w'): Object count final: 1. ]LOG]!><time="09:35:15.750+-60" date="12-14-2016" component="Discovery" context="" type="1" thread="7" file="">
<![LOG[DiscoveryProvider:Discovery Function none(): The interoperation method 'OpenProcessToken' returned Win32 error '0x000003F0(1008)' message ''. ]LOG]!><time="09:35:15.766+-60" date="12-14-2016" component="Discovery" context="" type="2" thread="7" file="">
<![LOG[DiscoveryProvider:Discovery Function none(): The interoperation method 'OpenProcessToken' returned Win32 error '0x000003F0(1008)' message ''. ]LOG]!><time="09:35:15.766+-60" date="12-14-2016" component="Discovery" context="" type="2" thread="7" file="">
<![LOG[DiscoveryProvider:Discovery Function fileAttributes('C:\Windows\SysWOW64\CCM\Cache'): Object count final: 1. ]LOG]!><time="09:35:15.766+-60" date="12-14-2016" component="Discovery" context="" type="1" thread="7" file="">
<![LOG[ScriptProvider:Script process ID '6120' terminated with exit code '0', generating 1 output data events and 0 error data events. ]LOG]!><time="09:35:48.376+-60" date="12-14-2016" component="Discovery" context="" type="1" thread="7" file="">
<![LOG[DiscoveryProvider:Discovery Function execute('$files = @(Get-ChildItem "C:\Windows\SysWOW64\CCM\Cache" -recurse)
if ($files.count -ge 1){
	[int]$SCCMcachesize = "{0:0}" -f (($files|Measure-Object -property length -sum).sum / 1MB)
}else{
	$SCCMcachesize = 0
}
if ($SCCMcachesize -gt 7000){
	write-host "','ps1',''): Object count final: 1. ]LOG]!><time="09:35:48.376+-60" date="12-14-2016" component="Discovery" context="" type="1" thread="7" file="">
